[INFO] 2025-07-20 10:34:59 : PodCache - v-alpha-0.0.1
[INFO] 2025-07-20 10:34:59 : main cache holder created
[INFO] 2025-07-20 10:34:59 : put 1 test element
[DEBUG] 2025-07-20 10:34:59 : PUT: storing 'stringa di prova' (size: 16)
[INFO] 2025-07-20 10:34:59 : key carlo inserted into cache
[INFO] 2025-07-20 10:34:59 : get 1 test element
[DEBUG] 2025-07-20 10:34:59 : GET: retrieved 'stringa di prova' (size: 16)
[INFO] 2025-07-20 10:34:59 : key carlo found
[INFO] 2025-07-20 10:34:59 : carlo found
[INFO] 2025-07-20 10:34:59 : carlo value is stringa di prova
[INFO] 2025-07-20 10:34:59 : inizializzo nuova cache con dimensione molto piccola
[DEBUG] 2025-07-20 10:34:59 : PUT: storing 'value of 1' (size: 10)
[INFO] 2025-07-20 10:34:59 : key test_1 inserted into cache
[INFO] 2025-07-20 10:34:59 : bytes occupati : 10 su 1024
[DEBUG] 2025-07-20 10:34:59 : PUT: storing 'value of 2' (size: 10)
[INFO] 2025-07-20 10:34:59 : key test_2 inserted into cache
[INFO] 2025-07-20 10:34:59 : bytes occupati : 20 su 1024
[DEBUG] 2025-07-20 10:34:59 : PUT: storing 'value of 3' (size: 10)
[INFO] 2025-07-20 10:34:59 : key test_3 inserted into cache
[INFO] 2025-07-20 10:34:59 : bytes occupati : 30 su 1024
[DEBUG] 2025-07-20 10:34:59 : PUT: storing 'value of 4' (size: 10)
[INFO] 2025-07-20 10:34:59 : key test_4 inserted into cache
[INFO] 2025-07-20 10:34:59 : bytes occupati : 40 su 1024
[DEBUG] 2025-07-20 10:34:59 : PUT: storing 'value of 5' (size: 10)
[INFO] 2025-07-20 10:34:59 : key test_5 inserted into cache
[INFO] 2025-07-20 10:34:59 : bytes occupati : 50 su 1024
[DEBUG] 2025-07-20 10:34:59 : PUT: storing 'value of 6' (size: 10)
[INFO] 2025-07-20 10:34:59 : key test_6 inserted into cache
[INFO] 2025-07-20 10:34:59 : bytes occupati : 60 su 1024
[DEBUG] 2025-07-20 10:34:59 : PUT: storing 'value of 7' (size: 10)
[INFO] 2025-07-20 10:34:59 : key test_7 inserted into cache
[INFO] 2025-07-20 10:34:59 : bytes occupati : 70 su 1024
[DEBUG] 2025-07-20 10:34:59 : PUT: storing 'value of 8' (size: 10)
[INFO] 2025-07-20 10:34:59 : key test_8 inserted into cache
[INFO] 2025-07-20 10:34:59 : bytes occupati : 80 su 1024
[DEBUG] 2025-07-20 10:34:59 : PUT: storing 'value of 9' (size: 10)
[INFO] 2025-07-20 10:34:59 : key test_9 inserted into cache
[INFO] 2025-07-20 10:34:59 : bytes occupati : 90 su 1024
[DEBUG] 2025-07-20 10:34:59 : PUT: storing 'value of 10' (size: 11)
[INFO] 2025-07-20 10:34:59 : key test_10 inserted into cache
[INFO] 2025-07-20 10:34:59 : bytes occupati : 101 su 1024
[DEBUG] 2025-07-20 10:34:59 : PUT: storing 'value of 11' (size: 11)
[INFO] 2025-07-20 10:34:59 : key test_11 inserted into cache
[INFO] 2025-07-20 10:34:59 : bytes occupati : 112 su 1024
[DEBUG] 2025-07-20 10:34:59 : PUT: storing 'value of 12' (size: 11)
[INFO] 2025-07-20 10:34:59 : key test_12 inserted into cache
[INFO] 2025-07-20 10:34:59 : bytes occupati : 123 su 1024
[DEBUG] 2025-07-20 10:34:59 : PUT: storing 'value of 13' (size: 11)
[INFO] 2025-07-20 10:34:59 : key test_13 inserted into cache
[INFO] 2025-07-20 10:34:59 : bytes occupati : 134 su 1024
[DEBUG] 2025-07-20 10:34:59 : PUT: storing 'value of 14' (size: 11)
[INFO] 2025-07-20 10:34:59 : key test_14 inserted into cache
[INFO] 2025-07-20 10:34:59 : bytes occupati : 145 su 1024
[DEBUG] 2025-07-20 10:34:59 : PUT: storing 'value of 15' (size: 11)
[INFO] 2025-07-20 10:34:59 : key test_15 inserted into cache
[INFO] 2025-07-20 10:34:59 : bytes occupati : 156 su 1024
[DEBUG] 2025-07-20 10:34:59 : PUT: storing 'value of 16' (size: 11)
[INFO] 2025-07-20 10:34:59 : key test_16 inserted into cache
[INFO] 2025-07-20 10:34:59 : bytes occupati : 167 su 1024
[DEBUG] 2025-07-20 10:34:59 : PUT: storing 'value of 17' (size: 11)
[INFO] 2025-07-20 10:34:59 : key test_17 inserted into cache
[INFO] 2025-07-20 10:34:59 : bytes occupati : 178 su 1024
[DEBUG] 2025-07-20 10:34:59 : PUT: storing 'value of 18' (size: 11)
[INFO] 2025-07-20 10:34:59 : key test_18 inserted into cache
[INFO] 2025-07-20 10:34:59 : bytes occupati : 189 su 1024
[DEBUG] 2025-07-20 10:34:59 : PUT: storing 'value of 19' (size: 11)
[INFO] 2025-07-20 10:34:59 : key test_19 inserted into cache
[INFO] 2025-07-20 10:34:59 : bytes occupati : 200 su 1024
[DEBUG] 2025-07-20 10:34:59 : PUT: storing 'value of 20' (size: 11)
[INFO] 2025-07-20 10:34:59 : key test_20 inserted into cache
[INFO] 2025-07-20 10:34:59 : bytes occupati : 211 su 1024
[DEBUG] 2025-07-20 10:34:59 : PUT: storing 'value of 21' (size: 11)
[INFO] 2025-07-20 10:34:59 : key test_21 inserted into cache
[INFO] 2025-07-20 10:34:59 : bytes occupati : 222 su 1024
[DEBUG] 2025-07-20 10:34:59 : PUT: storing 'value of 22' (size: 11)
[INFO] 2025-07-20 10:34:59 : key test_22 inserted into cache
[INFO] 2025-07-20 10:34:59 : bytes occupati : 233 su 1024
[DEBUG] 2025-07-20 10:34:59 : PUT: storing 'value of 23' (size: 11)
[INFO] 2025-07-20 10:34:59 : key test_23 inserted into cache
[INFO] 2025-07-20 10:34:59 : bytes occupati : 244 su 1024
[DEBUG] 2025-07-20 10:34:59 : PUT: storing 'value of 24' (size: 11)
[INFO] 2025-07-20 10:34:59 : key test_24 inserted into cache
[INFO] 2025-07-20 10:34:59 : bytes occupati : 255 su 1024
[DEBUG] 2025-07-20 10:34:59 : PUT: storing 'value of 25' (size: 11)
[INFO] 2025-07-20 10:34:59 : key test_25 inserted into cache
[INFO] 2025-07-20 10:34:59 : bytes occupati : 266 su 1024
[DEBUG] 2025-07-20 10:34:59 : PUT: storing 'value of 26' (size: 11)
[INFO] 2025-07-20 10:34:59 : key test_26 inserted into cache
[INFO] 2025-07-20 10:34:59 : bytes occupati : 277 su 1024
[DEBUG] 2025-07-20 10:34:59 : PUT: storing 'value of 27' (size: 11)
[INFO] 2025-07-20 10:34:59 : key test_27 inserted into cache
[INFO] 2025-07-20 10:34:59 : bytes occupati : 288 su 1024
[DEBUG] 2025-07-20 10:34:59 : PUT: storing 'value of 28' (size: 11)
[INFO] 2025-07-20 10:34:59 : key test_28 inserted into cache
[INFO] 2025-07-20 10:34:59 : bytes occupati : 299 su 1024
[DEBUG] 2025-07-20 10:34:59 : PUT: storing 'value of 29' (size: 11)
[INFO] 2025-07-20 10:34:59 : key test_29 inserted into cache
[INFO] 2025-07-20 10:34:59 : bytes occupati : 310 su 1024
[DEBUG] 2025-07-20 10:34:59 : PUT: storing 'value of 30' (size: 11)
[INFO] 2025-07-20 10:34:59 : key test_30 inserted into cache
[INFO] 2025-07-20 10:34:59 : bytes occupati : 321 su 1024
[DEBUG] 2025-07-20 10:34:59 : PUT: storing 'value of 31' (size: 11)
[INFO] 2025-07-20 10:34:59 : key test_31 inserted into cache
[INFO] 2025-07-20 10:34:59 : bytes occupati : 332 su 1024
[DEBUG] 2025-07-20 10:34:59 : PUT: storing 'value of 32' (size: 11)
[INFO] 2025-07-20 10:34:59 : key test_32 inserted into cache
[INFO] 2025-07-20 10:34:59 : bytes occupati : 343 su 1024
[DEBUG] 2025-07-20 10:34:59 : PUT: storing 'value of 33' (size: 11)
[INFO] 2025-07-20 10:34:59 : key test_33 inserted into cache
[INFO] 2025-07-20 10:34:59 : bytes occupati : 354 su 1024
[DEBUG] 2025-07-20 10:34:59 : PUT: storing 'value of 34' (size: 11)
[INFO] 2025-07-20 10:34:59 : key test_34 inserted into cache
[INFO] 2025-07-20 10:34:59 : bytes occupati : 365 su 1024
[DEBUG] 2025-07-20 10:34:59 : PUT: storing 'value of 35' (size: 11)
[INFO] 2025-07-20 10:34:59 : key test_35 inserted into cache
[INFO] 2025-07-20 10:34:59 : bytes occupati : 376 su 1024
[DEBUG] 2025-07-20 10:34:59 : PUT: storing 'value of 36' (size: 11)
[INFO] 2025-07-20 10:34:59 : key test_36 inserted into cache
[INFO] 2025-07-20 10:34:59 : bytes occupati : 387 su 1024
[DEBUG] 2025-07-20 10:34:59 : PUT: storing 'value of 37' (size: 11)
[INFO] 2025-07-20 10:34:59 : key test_37 inserted into cache
[INFO] 2025-07-20 10:34:59 : bytes occupati : 398 su 1024
[DEBUG] 2025-07-20 10:34:59 : PUT: storing 'value of 38' (size: 11)
[INFO] 2025-07-20 10:34:59 : key test_38 inserted into cache
[INFO] 2025-07-20 10:34:59 : bytes occupati : 409 su 1024
[DEBUG] 2025-07-20 10:34:59 : PUT: storing 'value of 39' (size: 11)
[INFO] 2025-07-20 10:34:59 : key test_39 inserted into cache
[INFO] 2025-07-20 10:34:59 : bytes occupati : 420 su 1024
[DEBUG] 2025-07-20 10:34:59 : PUT: storing 'value of 40' (size: 11)
[INFO] 2025-07-20 10:34:59 : key test_40 inserted into cache
[INFO] 2025-07-20 10:34:59 : bytes occupati : 431 su 1024
[DEBUG] 2025-07-20 10:34:59 : PUT: storing 'value of 41' (size: 11)
[INFO] 2025-07-20 10:34:59 : key test_41 inserted into cache
[INFO] 2025-07-20 10:34:59 : bytes occupati : 442 su 1024
[DEBUG] 2025-07-20 10:34:59 : PUT: storing 'value of 42' (size: 11)
[INFO] 2025-07-20 10:34:59 : key test_42 inserted into cache
[INFO] 2025-07-20 10:34:59 : bytes occupati : 453 su 1024
[DEBUG] 2025-07-20 10:34:59 : PUT: storing 'value of 43' (size: 11)
[INFO] 2025-07-20 10:34:59 : key test_43 inserted into cache
[INFO] 2025-07-20 10:34:59 : bytes occupati : 464 su 1024
[DEBUG] 2025-07-20 10:34:59 : PUT: storing 'value of 44' (size: 11)
[INFO] 2025-07-20 10:34:59 : key test_44 inserted into cache
[INFO] 2025-07-20 10:34:59 : bytes occupati : 475 su 1024
[DEBUG] 2025-07-20 10:34:59 : PUT: storing 'value of 45' (size: 11)
[INFO] 2025-07-20 10:34:59 : key test_45 inserted into cache
[INFO] 2025-07-20 10:34:59 : bytes occupati : 486 su 1024
[DEBUG] 2025-07-20 10:34:59 : PUT: storing 'value of 46' (size: 11)
[INFO] 2025-07-20 10:34:59 : key test_46 inserted into cache
[INFO] 2025-07-20 10:34:59 : bytes occupati : 497 su 1024
[DEBUG] 2025-07-20 10:34:59 : PUT: storing 'value of 47' (size: 11)
[INFO] 2025-07-20 10:34:59 : key test_47 inserted into cache
[INFO] 2025-07-20 10:34:59 : bytes occupati : 508 su 1024
[DEBUG] 2025-07-20 10:34:59 : PUT: storing 'value of 48' (size: 11)
[INFO] 2025-07-20 10:34:59 : key test_48 inserted into cache
[INFO] 2025-07-20 10:34:59 : bytes occupati : 519 su 1024
[DEBUG] 2025-07-20 10:34:59 : PUT: storing 'value of 49' (size: 11)
[INFO] 2025-07-20 10:34:59 : key test_49 inserted into cache
[INFO] 2025-07-20 10:34:59 : bytes occupati : 530 su 1024
[DEBUG] 2025-07-20 10:34:59 : PUT: storing 'value of 50' (size: 11)
[INFO] 2025-07-20 10:34:59 : key test_50 inserted into cache
[INFO] 2025-07-20 10:34:59 : bytes occupati : 541 su 1024
[DEBUG] 2025-07-20 10:34:59 : PUT: storing 'value of 51' (size: 11)
[INFO] 2025-07-20 10:34:59 : key test_51 inserted into cache
[INFO] 2025-07-20 10:34:59 : bytes occupati : 552 su 1024
[DEBUG] 2025-07-20 10:34:59 : PUT: storing 'value of 52' (size: 11)
[INFO] 2025-07-20 10:34:59 : key test_52 inserted into cache
[INFO] 2025-07-20 10:34:59 : bytes occupati : 563 su 1024
[DEBUG] 2025-07-20 10:34:59 : PUT: storing 'value of 53' (size: 11)
[INFO] 2025-07-20 10:34:59 : key test_53 inserted into cache
[INFO] 2025-07-20 10:34:59 : bytes occupati : 574 su 1024
[DEBUG] 2025-07-20 10:34:59 : PUT: storing 'value of 54' (size: 11)
[INFO] 2025-07-20 10:34:59 : key test_54 inserted into cache
[INFO] 2025-07-20 10:34:59 : bytes occupati : 585 su 1024
[DEBUG] 2025-07-20 10:34:59 : PUT: storing 'value of 55' (size: 11)
[INFO] 2025-07-20 10:34:59 : key test_55 inserted into cache
[INFO] 2025-07-20 10:34:59 : bytes occupati : 596 su 1024
[DEBUG] 2025-07-20 10:34:59 : PUT: storing 'value of 56' (size: 11)
[INFO] 2025-07-20 10:34:59 : key test_56 inserted into cache
[INFO] 2025-07-20 10:34:59 : bytes occupati : 607 su 1024
[DEBUG] 2025-07-20 10:34:59 : PUT: storing 'value of 57' (size: 11)
[INFO] 2025-07-20 10:34:59 : key test_57 inserted into cache
[INFO] 2025-07-20 10:34:59 : bytes occupati : 618 su 1024
[DEBUG] 2025-07-20 10:34:59 : PUT: storing 'value of 58' (size: 11)
[INFO] 2025-07-20 10:34:59 : key test_58 inserted into cache
[INFO] 2025-07-20 10:34:59 : bytes occupati : 629 su 1024
[DEBUG] 2025-07-20 10:34:59 : PUT: storing 'value of 59' (size: 11)
[INFO] 2025-07-20 10:34:59 : key test_59 inserted into cache
[INFO] 2025-07-20 10:34:59 : bytes occupati : 640 su 1024
[DEBUG] 2025-07-20 10:34:59 : PUT: storing 'value of 60' (size: 11)
[INFO] 2025-07-20 10:34:59 : key test_60 inserted into cache
[INFO] 2025-07-20 10:34:59 : bytes occupati : 651 su 1024
[DEBUG] 2025-07-20 10:34:59 : PUT: storing 'value of 61' (size: 11)
[INFO] 2025-07-20 10:34:59 : key test_61 inserted into cache
[INFO] 2025-07-20 10:34:59 : bytes occupati : 662 su 1024
[DEBUG] 2025-07-20 10:34:59 : PUT: storing 'value of 62' (size: 11)
[INFO] 2025-07-20 10:34:59 : key test_62 inserted into cache
[INFO] 2025-07-20 10:34:59 : bytes occupati : 673 su 1024
[DEBUG] 2025-07-20 10:34:59 : PUT: storing 'value of 63' (size: 11)
[INFO] 2025-07-20 10:34:59 : key test_63 inserted into cache
[INFO] 2025-07-20 10:34:59 : bytes occupati : 684 su 1024
[DEBUG] 2025-07-20 10:34:59 : PUT: storing 'value of 64' (size: 11)
[INFO] 2025-07-20 10:34:59 : key test_64 inserted into cache
[INFO] 2025-07-20 10:34:59 : bytes occupati : 695 su 1024
[DEBUG] 2025-07-20 10:34:59 : PUT: storing 'value of 65' (size: 11)
[INFO] 2025-07-20 10:34:59 : key test_65 inserted into cache
[INFO] 2025-07-20 10:34:59 : bytes occupati : 706 su 1024
[DEBUG] 2025-07-20 10:34:59 : PUT: storing 'value of 66' (size: 11)
[INFO] 2025-07-20 10:34:59 : key test_66 inserted into cache
[INFO] 2025-07-20 10:34:59 : bytes occupati : 717 su 1024
[DEBUG] 2025-07-20 10:34:59 : PUT: storing 'value of 67' (size: 11)
[INFO] 2025-07-20 10:34:59 : key test_67 inserted into cache
[INFO] 2025-07-20 10:34:59 : bytes occupati : 728 su 1024
[DEBUG] 2025-07-20 10:34:59 : PUT: storing 'value of 68' (size: 11)
[INFO] 2025-07-20 10:34:59 : key test_68 inserted into cache
[INFO] 2025-07-20 10:34:59 : bytes occupati : 739 su 1024
[DEBUG] 2025-07-20 10:34:59 : PUT: storing 'value of 69' (size: 11)
[INFO] 2025-07-20 10:34:59 : key test_69 inserted into cache
[INFO] 2025-07-20 10:34:59 : bytes occupati : 750 su 1024
[DEBUG] 2025-07-20 10:34:59 : PUT: storing 'value of 70' (size: 11)
[INFO] 2025-07-20 10:34:59 : key test_70 inserted into cache
[INFO] 2025-07-20 10:34:59 : bytes occupati : 761 su 1024
[DEBUG] 2025-07-20 10:34:59 : PUT: storing 'value of 71' (size: 11)
[INFO] 2025-07-20 10:34:59 : key test_71 inserted into cache
[INFO] 2025-07-20 10:34:59 : bytes occupati : 772 su 1024
[DEBUG] 2025-07-20 10:34:59 : PUT: storing 'value of 72' (size: 11)
[INFO] 2025-07-20 10:34:59 : key test_72 inserted into cache
[INFO] 2025-07-20 10:34:59 : bytes occupati : 783 su 1024
[DEBUG] 2025-07-20 10:34:59 : PUT: storing 'value of 73' (size: 11)
[INFO] 2025-07-20 10:34:59 : key test_73 inserted into cache
[INFO] 2025-07-20 10:34:59 : bytes occupati : 794 su 1024
[DEBUG] 2025-07-20 10:34:59 : PUT: storing 'value of 74' (size: 11)
[INFO] 2025-07-20 10:34:59 : key test_74 inserted into cache
[INFO] 2025-07-20 10:34:59 : bytes occupati : 805 su 1024
[DEBUG] 2025-07-20 10:34:59 : PUT: storing 'value of 75' (size: 11)
[INFO] 2025-07-20 10:34:59 : key test_75 inserted into cache
[INFO] 2025-07-20 10:34:59 : bytes occupati : 816 su 1024
[DEBUG] 2025-07-20 10:34:59 : PUT: storing 'value of 76' (size: 11)
[INFO] 2025-07-20 10:34:59 : key test_76 inserted into cache
[INFO] 2025-07-20 10:34:59 : bytes occupati : 827 su 1024
[DEBUG] 2025-07-20 10:34:59 : PUT: storing 'value of 77' (size: 11)
[INFO] 2025-07-20 10:34:59 : key test_77 inserted into cache
[INFO] 2025-07-20 10:34:59 : bytes occupati : 838 su 1024
[DEBUG] 2025-07-20 10:34:59 : PUT: storing 'value of 78' (size: 11)
[INFO] 2025-07-20 10:34:59 : key test_78 inserted into cache
[INFO] 2025-07-20 10:34:59 : bytes occupati : 849 su 1024
[DEBUG] 2025-07-20 10:34:59 : PUT: storing 'value of 79' (size: 11)
[INFO] 2025-07-20 10:34:59 : key test_79 inserted into cache
[INFO] 2025-07-20 10:34:59 : bytes occupati : 860 su 1024
[DEBUG] 2025-07-20 10:34:59 : PUT: storing 'value of 80' (size: 11)
[INFO] 2025-07-20 10:34:59 : key test_80 inserted into cache
[INFO] 2025-07-20 10:34:59 : bytes occupati : 871 su 1024
[DEBUG] 2025-07-20 10:34:59 : PUT: storing 'value of 81' (size: 11)
[INFO] 2025-07-20 10:34:59 : key test_81 inserted into cache
[INFO] 2025-07-20 10:34:59 : bytes occupati : 882 su 1024
[DEBUG] 2025-07-20 10:34:59 : PUT: storing 'value of 82' (size: 11)
[INFO] 2025-07-20 10:34:59 : key test_82 inserted into cache
[INFO] 2025-07-20 10:34:59 : bytes occupati : 893 su 1024
[DEBUG] 2025-07-20 10:34:59 : PUT: storing 'value of 83' (size: 11)
[INFO] 2025-07-20 10:34:59 : key test_83 inserted into cache
[INFO] 2025-07-20 10:34:59 : bytes occupati : 904 su 1024
[DEBUG] 2025-07-20 10:34:59 : PUT: storing 'value of 84' (size: 11)
[INFO] 2025-07-20 10:34:59 : key test_84 inserted into cache
[INFO] 2025-07-20 10:34:59 : bytes occupati : 915 su 1024
[DEBUG] 2025-07-20 10:34:59 : PUT: storing 'value of 85' (size: 11)
[INFO] 2025-07-20 10:34:59 : key test_85 inserted into cache
[INFO] 2025-07-20 10:34:59 : bytes occupati : 926 su 1024
[DEBUG] 2025-07-20 10:34:59 : PUT: storing 'value of 86' (size: 11)
[INFO] 2025-07-20 10:34:59 : key test_86 inserted into cache
[INFO] 2025-07-20 10:34:59 : bytes occupati : 937 su 1024
[DEBUG] 2025-07-20 10:34:59 : PUT: storing 'value of 87' (size: 11)
[INFO] 2025-07-20 10:34:59 : key test_87 inserted into cache
[INFO] 2025-07-20 10:34:59 : bytes occupati : 948 su 1024
[DEBUG] 2025-07-20 10:34:59 : PUT: storing 'value of 88' (size: 11)
[INFO] 2025-07-20 10:34:59 : key test_88 inserted into cache
[INFO] 2025-07-20 10:34:59 : bytes occupati : 959 su 1024
[DEBUG] 2025-07-20 10:34:59 : PUT: storing 'value of 89' (size: 11)
[INFO] 2025-07-20 10:34:59 : key test_89 inserted into cache
[INFO] 2025-07-20 10:34:59 : bytes occupati : 970 su 1024
[DEBUG] 2025-07-20 10:34:59 : PUT: storing 'value of 90' (size: 11)
[INFO] 2025-07-20 10:34:59 : key test_90 inserted into cache
[INFO] 2025-07-20 10:34:59 : bytes occupati : 981 su 1024
[DEBUG] 2025-07-20 10:34:59 : PUT: storing 'value of 91' (size: 11)
[INFO] 2025-07-20 10:34:59 : key test_91 inserted into cache
[INFO] 2025-07-20 10:34:59 : bytes occupati : 992 su 1024
[DEBUG] 2025-07-20 10:34:59 : PUT: storing 'value of 92' (size: 11)
[INFO] 2025-07-20 10:34:59 : key test_92 inserted into cache
[INFO] 2025-07-20 10:34:59 : bytes occupati : 1003 su 1024
[DEBUG] 2025-07-20 10:34:59 : PUT: storing 'value of 93' (size: 11)
[INFO] 2025-07-20 10:34:59 : key test_93 inserted into cache
[INFO] 2025-07-20 10:34:59 : bytes occupati : 1014 su 1024
[INFO] 2025-07-20 10:34:59 : memoria terminata provo a scrivere ulteriore record
[INFO] 2025-07-20 10:34:59 : memory full, move tail element into disk cache
[INFO] 2025-07-20 10:34:59 : element with key test_1 was moved to disk cache
[INFO] 2025-07-20 10:34:59 : removed tail element from list
[DEBUG] 2025-07-20 10:34:59 : PUT: storing 'test_finale' (size: 11)
[INFO] 2025-07-20 10:34:59 : key test_finale inserted into cache
[INFO] 2025-07-20 10:34:59 : get test_1 che dovrebbe essere ormai su disco
[DEBUG] 2025-07-20 10:34:59 : key test_1 not found, searching into disk cache
[INFO] 2025-07-20 10:34:59 : memory full, move tail element into disk cache
[INFO] 2025-07-20 10:34:59 : element with key test_2 was moved to disk cache
[INFO] 2025-07-20 10:34:59 : removed tail element from list
[DEBUG] 2025-07-20 10:34:59 : PUT: storing 'value of 1' (size: 10)
[INFO] 2025-07-20 10:34:59 : carlo found
[INFO] 2025-07-20 10:34:59 : carlo value is value of 1
[INFO] 2025-07-20 10:34:59 : get test_1 ancora che dovrebbe essere in memoria ora
[DEBUG] 2025-07-20 10:34:59 : GET: retrieved 'value of 1' (size: 10)
[INFO] 2025-07-20 10:34:59 : key test_1 found
[INFO] 2025-07-20 10:34:59 : carlo found
[INFO] 2025-07-20 10:34:59 : carlo value is value of 1
[INFO] 2025-07-20 10:39:30 : PodCache - v-alpha-0.0.1
[INFO] 2025-07-20 10:39:30 : main cache holder created
[INFO] 2025-07-20 10:39:30 : put 1 test element
[DEBUG] 2025-07-20 10:39:30 : PUT: storing 'stringa di prova' (size: 16)
[INFO] 2025-07-20 10:39:30 : key carlo inserted into cache
[INFO] 2025-07-20 10:39:30 : get 1 test element
[DEBUG] 2025-07-20 10:39:30 : GET: retrieved 'stringa di prova' (size: 16)
[INFO] 2025-07-20 10:39:30 : key carlo found
[INFO] 2025-07-20 10:39:30 : carlo found
[INFO] 2025-07-20 10:39:30 : carlo value is stringa di prova
[INFO] 2025-07-20 10:39:30 : inizializzo nuova cache con dimensione molto piccola
[DEBUG] 2025-07-20 10:39:30 : PUT: storing 'value of 1' (size: 10)
[INFO] 2025-07-20 10:39:30 : key test_1 inserted into cache
[INFO] 2025-07-20 10:39:30 : bytes occupati : 10 su 1024
[DEBUG] 2025-07-20 10:39:30 : PUT: storing 'value of 2' (size: 10)
[INFO] 2025-07-20 10:39:30 : key test_2 inserted into cache
[INFO] 2025-07-20 10:39:30 : bytes occupati : 20 su 1024
[DEBUG] 2025-07-20 10:39:30 : PUT: storing 'value of 3' (size: 10)
[INFO] 2025-07-20 10:39:30 : key test_3 inserted into cache
[INFO] 2025-07-20 10:39:30 : bytes occupati : 30 su 1024
[DEBUG] 2025-07-20 10:39:30 : PUT: storing 'value of 4' (size: 10)
[INFO] 2025-07-20 10:39:30 : key test_4 inserted into cache
[INFO] 2025-07-20 10:39:30 : bytes occupati : 40 su 1024
[DEBUG] 2025-07-20 10:39:30 : PUT: storing 'value of 5' (size: 10)
[INFO] 2025-07-20 10:39:30 : key test_5 inserted into cache
[INFO] 2025-07-20 10:39:30 : bytes occupati : 50 su 1024
[DEBUG] 2025-07-20 10:39:30 : PUT: storing 'value of 6' (size: 10)
[INFO] 2025-07-20 10:39:30 : key test_6 inserted into cache
[INFO] 2025-07-20 10:39:30 : bytes occupati : 60 su 1024
[DEBUG] 2025-07-20 10:39:30 : PUT: storing 'value of 7' (size: 10)
[INFO] 2025-07-20 10:39:30 : key test_7 inserted into cache
[INFO] 2025-07-20 10:39:30 : bytes occupati : 70 su 1024
[DEBUG] 2025-07-20 10:39:30 : PUT: storing 'value of 8' (size: 10)
[INFO] 2025-07-20 10:39:30 : key test_8 inserted into cache
[INFO] 2025-07-20 10:39:30 : bytes occupati : 80 su 1024
[DEBUG] 2025-07-20 10:39:30 : PUT: storing 'value of 9' (size: 10)
[INFO] 2025-07-20 10:39:30 : key test_9 inserted into cache
[INFO] 2025-07-20 10:39:30 : bytes occupati : 90 su 1024
[DEBUG] 2025-07-20 10:39:30 : PUT: storing 'value of 10' (size: 11)
[INFO] 2025-07-20 10:39:30 : key test_10 inserted into cache
[INFO] 2025-07-20 10:39:30 : bytes occupati : 101 su 1024
[DEBUG] 2025-07-20 10:39:30 : PUT: storing 'value of 11' (size: 11)
[INFO] 2025-07-20 10:39:30 : key test_11 inserted into cache
[INFO] 2025-07-20 10:39:30 : bytes occupati : 112 su 1024
[DEBUG] 2025-07-20 10:39:30 : PUT: storing 'value of 12' (size: 11)
[INFO] 2025-07-20 10:39:30 : key test_12 inserted into cache
[INFO] 2025-07-20 10:39:30 : bytes occupati : 123 su 1024
[DEBUG] 2025-07-20 10:39:30 : PUT: storing 'value of 13' (size: 11)
[INFO] 2025-07-20 10:39:30 : key test_13 inserted into cache
[INFO] 2025-07-20 10:39:30 : bytes occupati : 134 su 1024
[DEBUG] 2025-07-20 10:39:30 : PUT: storing 'value of 14' (size: 11)
[INFO] 2025-07-20 10:39:30 : key test_14 inserted into cache
[INFO] 2025-07-20 10:39:30 : bytes occupati : 145 su 1024
[DEBUG] 2025-07-20 10:39:30 : PUT: storing 'value of 15' (size: 11)
[INFO] 2025-07-20 10:39:30 : key test_15 inserted into cache
[INFO] 2025-07-20 10:39:30 : bytes occupati : 156 su 1024
[DEBUG] 2025-07-20 10:39:30 : PUT: storing 'value of 16' (size: 11)
[INFO] 2025-07-20 10:39:30 : key test_16 inserted into cache
[INFO] 2025-07-20 10:39:30 : bytes occupati : 167 su 1024
[DEBUG] 2025-07-20 10:39:30 : PUT: storing 'value of 17' (size: 11)
[INFO] 2025-07-20 10:39:30 : key test_17 inserted into cache
[INFO] 2025-07-20 10:39:30 : bytes occupati : 178 su 1024
[DEBUG] 2025-07-20 10:39:30 : PUT: storing 'value of 18' (size: 11)
[INFO] 2025-07-20 10:39:30 : key test_18 inserted into cache
[INFO] 2025-07-20 10:39:30 : bytes occupati : 189 su 1024
[DEBUG] 2025-07-20 10:39:30 : PUT: storing 'value of 19' (size: 11)
[INFO] 2025-07-20 10:39:30 : key test_19 inserted into cache
[INFO] 2025-07-20 10:39:30 : bytes occupati : 200 su 1024
[DEBUG] 2025-07-20 10:39:30 : PUT: storing 'value of 20' (size: 11)
[INFO] 2025-07-20 10:39:30 : key test_20 inserted into cache
[INFO] 2025-07-20 10:39:30 : bytes occupati : 211 su 1024
[DEBUG] 2025-07-20 10:39:30 : PUT: storing 'value of 21' (size: 11)
[INFO] 2025-07-20 10:39:30 : key test_21 inserted into cache
[INFO] 2025-07-20 10:39:30 : bytes occupati : 222 su 1024
[DEBUG] 2025-07-20 10:39:30 : PUT: storing 'value of 22' (size: 11)
[INFO] 2025-07-20 10:39:30 : key test_22 inserted into cache
[INFO] 2025-07-20 10:39:30 : bytes occupati : 233 su 1024
[DEBUG] 2025-07-20 10:39:30 : PUT: storing 'value of 23' (size: 11)
[INFO] 2025-07-20 10:39:30 : key test_23 inserted into cache
[INFO] 2025-07-20 10:39:30 : bytes occupati : 244 su 1024
[DEBUG] 2025-07-20 10:39:30 : PUT: storing 'value of 24' (size: 11)
[INFO] 2025-07-20 10:39:30 : key test_24 inserted into cache
[INFO] 2025-07-20 10:39:30 : bytes occupati : 255 su 1024
[DEBUG] 2025-07-20 10:39:30 : PUT: storing 'value of 25' (size: 11)
[INFO] 2025-07-20 10:39:30 : key test_25 inserted into cache
[INFO] 2025-07-20 10:39:30 : bytes occupati : 266 su 1024
[DEBUG] 2025-07-20 10:39:30 : PUT: storing 'value of 26' (size: 11)
[INFO] 2025-07-20 10:39:30 : key test_26 inserted into cache
[INFO] 2025-07-20 10:39:30 : bytes occupati : 277 su 1024
[DEBUG] 2025-07-20 10:39:30 : PUT: storing 'value of 27' (size: 11)
[INFO] 2025-07-20 10:39:30 : key test_27 inserted into cache
[INFO] 2025-07-20 10:39:30 : bytes occupati : 288 su 1024
[DEBUG] 2025-07-20 10:39:30 : PUT: storing 'value of 28' (size: 11)
[INFO] 2025-07-20 10:39:30 : key test_28 inserted into cache
[INFO] 2025-07-20 10:39:30 : bytes occupati : 299 su 1024
[DEBUG] 2025-07-20 10:39:30 : PUT: storing 'value of 29' (size: 11)
[INFO] 2025-07-20 10:39:30 : key test_29 inserted into cache
[INFO] 2025-07-20 10:39:30 : bytes occupati : 310 su 1024
[DEBUG] 2025-07-20 10:39:30 : PUT: storing 'value of 30' (size: 11)
[INFO] 2025-07-20 10:39:30 : key test_30 inserted into cache
[INFO] 2025-07-20 10:39:30 : bytes occupati : 321 su 1024
[DEBUG] 2025-07-20 10:39:30 : PUT: storing 'value of 31' (size: 11)
[INFO] 2025-07-20 10:39:30 : key test_31 inserted into cache
[INFO] 2025-07-20 10:39:30 : bytes occupati : 332 su 1024
[DEBUG] 2025-07-20 10:39:30 : PUT: storing 'value of 32' (size: 11)
[INFO] 2025-07-20 10:39:30 : key test_32 inserted into cache
[INFO] 2025-07-20 10:39:30 : bytes occupati : 343 su 1024
[DEBUG] 2025-07-20 10:39:30 : PUT: storing 'value of 33' (size: 11)
[INFO] 2025-07-20 10:39:30 : key test_33 inserted into cache
[INFO] 2025-07-20 10:39:30 : bytes occupati : 354 su 1024
[DEBUG] 2025-07-20 10:39:30 : PUT: storing 'value of 34' (size: 11)
[INFO] 2025-07-20 10:39:30 : key test_34 inserted into cache
[INFO] 2025-07-20 10:39:30 : bytes occupati : 365 su 1024
[DEBUG] 2025-07-20 10:39:30 : PUT: storing 'value of 35' (size: 11)
[INFO] 2025-07-20 10:39:30 : key test_35 inserted into cache
[INFO] 2025-07-20 10:39:30 : bytes occupati : 376 su 1024
[DEBUG] 2025-07-20 10:39:30 : PUT: storing 'value of 36' (size: 11)
[INFO] 2025-07-20 10:39:30 : key test_36 inserted into cache
[INFO] 2025-07-20 10:39:30 : bytes occupati : 387 su 1024
[DEBUG] 2025-07-20 10:39:30 : PUT: storing 'value of 37' (size: 11)
[INFO] 2025-07-20 10:39:30 : key test_37 inserted into cache
[INFO] 2025-07-20 10:39:30 : bytes occupati : 398 su 1024
[DEBUG] 2025-07-20 10:39:30 : PUT: storing 'value of 38' (size: 11)
[INFO] 2025-07-20 10:39:30 : key test_38 inserted into cache
[INFO] 2025-07-20 10:39:30 : bytes occupati : 409 su 1024
[DEBUG] 2025-07-20 10:39:30 : PUT: storing 'value of 39' (size: 11)
[INFO] 2025-07-20 10:39:30 : key test_39 inserted into cache
[INFO] 2025-07-20 10:39:30 : bytes occupati : 420 su 1024
[DEBUG] 2025-07-20 10:39:30 : PUT: storing 'value of 40' (size: 11)
[INFO] 2025-07-20 10:39:30 : key test_40 inserted into cache
[INFO] 2025-07-20 10:39:30 : bytes occupati : 431 su 1024
[DEBUG] 2025-07-20 10:39:30 : PUT: storing 'value of 41' (size: 11)
[INFO] 2025-07-20 10:39:30 : key test_41 inserted into cache
[INFO] 2025-07-20 10:39:30 : bytes occupati : 442 su 1024
[DEBUG] 2025-07-20 10:39:30 : PUT: storing 'value of 42' (size: 11)
[INFO] 2025-07-20 10:39:30 : key test_42 inserted into cache
[INFO] 2025-07-20 10:39:30 : bytes occupati : 453 su 1024
[DEBUG] 2025-07-20 10:39:30 : PUT: storing 'value of 43' (size: 11)
[INFO] 2025-07-20 10:39:30 : key test_43 inserted into cache
[INFO] 2025-07-20 10:39:30 : bytes occupati : 464 su 1024
[DEBUG] 2025-07-20 10:39:30 : PUT: storing 'value of 44' (size: 11)
[INFO] 2025-07-20 10:39:30 : key test_44 inserted into cache
[INFO] 2025-07-20 10:39:30 : bytes occupati : 475 su 1024
[DEBUG] 2025-07-20 10:39:30 : PUT: storing 'value of 45' (size: 11)
[INFO] 2025-07-20 10:39:30 : key test_45 inserted into cache
[INFO] 2025-07-20 10:39:30 : bytes occupati : 486 su 1024
[DEBUG] 2025-07-20 10:39:30 : PUT: storing 'value of 46' (size: 11)
[INFO] 2025-07-20 10:39:30 : key test_46 inserted into cache
[INFO] 2025-07-20 10:39:30 : bytes occupati : 497 su 1024
[DEBUG] 2025-07-20 10:39:30 : PUT: storing 'value of 47' (size: 11)
[INFO] 2025-07-20 10:39:30 : key test_47 inserted into cache
[INFO] 2025-07-20 10:39:30 : bytes occupati : 508 su 1024
[DEBUG] 2025-07-20 10:39:30 : PUT: storing 'value of 48' (size: 11)
[INFO] 2025-07-20 10:39:30 : key test_48 inserted into cache
[INFO] 2025-07-20 10:39:30 : bytes occupati : 519 su 1024
[DEBUG] 2025-07-20 10:39:30 : PUT: storing 'value of 49' (size: 11)
[INFO] 2025-07-20 10:39:30 : key test_49 inserted into cache
[INFO] 2025-07-20 10:39:30 : bytes occupati : 530 su 1024
[DEBUG] 2025-07-20 10:39:30 : PUT: storing 'value of 50' (size: 11)
[INFO] 2025-07-20 10:39:30 : key test_50 inserted into cache
[INFO] 2025-07-20 10:39:30 : bytes occupati : 541 su 1024
[DEBUG] 2025-07-20 10:39:30 : PUT: storing 'value of 51' (size: 11)
[INFO] 2025-07-20 10:39:30 : key test_51 inserted into cache
[INFO] 2025-07-20 10:39:30 : bytes occupati : 552 su 1024
[DEBUG] 2025-07-20 10:39:30 : PUT: storing 'value of 52' (size: 11)
[INFO] 2025-07-20 10:39:30 : key test_52 inserted into cache
[INFO] 2025-07-20 10:39:30 : bytes occupati : 563 su 1024
[DEBUG] 2025-07-20 10:39:30 : PUT: storing 'value of 53' (size: 11)
[INFO] 2025-07-20 10:39:30 : key test_53 inserted into cache
[INFO] 2025-07-20 10:39:30 : bytes occupati : 574 su 1024
[DEBUG] 2025-07-20 10:39:30 : PUT: storing 'value of 54' (size: 11)
[INFO] 2025-07-20 10:39:30 : key test_54 inserted into cache
[INFO] 2025-07-20 10:39:30 : bytes occupati : 585 su 1024
[DEBUG] 2025-07-20 10:39:30 : PUT: storing 'value of 55' (size: 11)
[INFO] 2025-07-20 10:39:30 : key test_55 inserted into cache
[INFO] 2025-07-20 10:39:30 : bytes occupati : 596 su 1024
[DEBUG] 2025-07-20 10:39:30 : PUT: storing 'value of 56' (size: 11)
[INFO] 2025-07-20 10:39:30 : key test_56 inserted into cache
[INFO] 2025-07-20 10:39:30 : bytes occupati : 607 su 1024
[DEBUG] 2025-07-20 10:39:30 : PUT: storing 'value of 57' (size: 11)
[INFO] 2025-07-20 10:39:30 : key test_57 inserted into cache
[INFO] 2025-07-20 10:39:30 : bytes occupati : 618 su 1024
[DEBUG] 2025-07-20 10:39:30 : PUT: storing 'value of 58' (size: 11)
[INFO] 2025-07-20 10:39:30 : key test_58 inserted into cache
[INFO] 2025-07-20 10:39:30 : bytes occupati : 629 su 1024
[DEBUG] 2025-07-20 10:39:30 : PUT: storing 'value of 59' (size: 11)
[INFO] 2025-07-20 10:39:30 : key test_59 inserted into cache
[INFO] 2025-07-20 10:39:30 : bytes occupati : 640 su 1024
[DEBUG] 2025-07-20 10:39:30 : PUT: storing 'value of 60' (size: 11)
[INFO] 2025-07-20 10:39:30 : key test_60 inserted into cache
[INFO] 2025-07-20 10:39:30 : bytes occupati : 651 su 1024
[DEBUG] 2025-07-20 10:39:30 : PUT: storing 'value of 61' (size: 11)
[INFO] 2025-07-20 10:39:30 : key test_61 inserted into cache
[INFO] 2025-07-20 10:39:30 : bytes occupati : 662 su 1024
[DEBUG] 2025-07-20 10:39:30 : PUT: storing 'value of 62' (size: 11)
[INFO] 2025-07-20 10:39:30 : key test_62 inserted into cache
[INFO] 2025-07-20 10:39:30 : bytes occupati : 673 su 1024
[DEBUG] 2025-07-20 10:39:30 : PUT: storing 'value of 63' (size: 11)
[INFO] 2025-07-20 10:39:30 : key test_63 inserted into cache
[INFO] 2025-07-20 10:39:30 : bytes occupati : 684 su 1024
[DEBUG] 2025-07-20 10:39:30 : PUT: storing 'value of 64' (size: 11)
[INFO] 2025-07-20 10:39:30 : key test_64 inserted into cache
[INFO] 2025-07-20 10:39:30 : bytes occupati : 695 su 1024
[DEBUG] 2025-07-20 10:39:30 : PUT: storing 'value of 65' (size: 11)
[INFO] 2025-07-20 10:39:30 : key test_65 inserted into cache
[INFO] 2025-07-20 10:39:30 : bytes occupati : 706 su 1024
[DEBUG] 2025-07-20 10:39:30 : PUT: storing 'value of 66' (size: 11)
[INFO] 2025-07-20 10:39:30 : key test_66 inserted into cache
[INFO] 2025-07-20 10:39:30 : bytes occupati : 717 su 1024
[DEBUG] 2025-07-20 10:39:30 : PUT: storing 'value of 67' (size: 11)
[INFO] 2025-07-20 10:39:30 : key test_67 inserted into cache
[INFO] 2025-07-20 10:39:30 : bytes occupati : 728 su 1024
[DEBUG] 2025-07-20 10:39:30 : PUT: storing 'value of 68' (size: 11)
[INFO] 2025-07-20 10:39:30 : key test_68 inserted into cache
[INFO] 2025-07-20 10:39:30 : bytes occupati : 739 su 1024
[DEBUG] 2025-07-20 10:39:30 : PUT: storing 'value of 69' (size: 11)
[INFO] 2025-07-20 10:39:30 : key test_69 inserted into cache
[INFO] 2025-07-20 10:39:30 : bytes occupati : 750 su 1024
[DEBUG] 2025-07-20 10:39:30 : PUT: storing 'value of 70' (size: 11)
[INFO] 2025-07-20 10:39:30 : key test_70 inserted into cache
[INFO] 2025-07-20 10:39:30 : bytes occupati : 761 su 1024
[DEBUG] 2025-07-20 10:39:30 : PUT: storing 'value of 71' (size: 11)
[INFO] 2025-07-20 10:39:30 : key test_71 inserted into cache
[INFO] 2025-07-20 10:39:30 : bytes occupati : 772 su 1024
[DEBUG] 2025-07-20 10:39:30 : PUT: storing 'value of 72' (size: 11)
[INFO] 2025-07-20 10:39:30 : key test_72 inserted into cache
[INFO] 2025-07-20 10:39:30 : bytes occupati : 783 su 1024
[DEBUG] 2025-07-20 10:39:30 : PUT: storing 'value of 73' (size: 11)
[INFO] 2025-07-20 10:39:30 : key test_73 inserted into cache
[INFO] 2025-07-20 10:39:30 : bytes occupati : 794 su 1024
[DEBUG] 2025-07-20 10:39:30 : PUT: storing 'value of 74' (size: 11)
[INFO] 2025-07-20 10:39:30 : key test_74 inserted into cache
[INFO] 2025-07-20 10:39:30 : bytes occupati : 805 su 1024
[DEBUG] 2025-07-20 10:39:30 : PUT: storing 'value of 75' (size: 11)
[INFO] 2025-07-20 10:39:30 : key test_75 inserted into cache
[INFO] 2025-07-20 10:39:30 : bytes occupati : 816 su 1024
[DEBUG] 2025-07-20 10:39:30 : PUT: storing 'value of 76' (size: 11)
[INFO] 2025-07-20 10:39:30 : key test_76 inserted into cache
[INFO] 2025-07-20 10:39:30 : bytes occupati : 827 su 1024
[DEBUG] 2025-07-20 10:39:30 : PUT: storing 'value of 77' (size: 11)
[INFO] 2025-07-20 10:39:30 : key test_77 inserted into cache
[INFO] 2025-07-20 10:39:30 : bytes occupati : 838 su 1024
[DEBUG] 2025-07-20 10:39:30 : PUT: storing 'value of 78' (size: 11)
[INFO] 2025-07-20 10:39:30 : key test_78 inserted into cache
[INFO] 2025-07-20 10:39:30 : bytes occupati : 849 su 1024
[DEBUG] 2025-07-20 10:39:30 : PUT: storing 'value of 79' (size: 11)
[INFO] 2025-07-20 10:39:30 : key test_79 inserted into cache
[INFO] 2025-07-20 10:39:30 : bytes occupati : 860 su 1024
[DEBUG] 2025-07-20 10:39:30 : PUT: storing 'value of 80' (size: 11)
[INFO] 2025-07-20 10:39:30 : key test_80 inserted into cache
[INFO] 2025-07-20 10:39:30 : bytes occupati : 871 su 1024
[DEBUG] 2025-07-20 10:39:30 : PUT: storing 'value of 81' (size: 11)
[INFO] 2025-07-20 10:39:30 : key test_81 inserted into cache
[INFO] 2025-07-20 10:39:30 : bytes occupati : 882 su 1024
[DEBUG] 2025-07-20 10:39:30 : PUT: storing 'value of 82' (size: 11)
[INFO] 2025-07-20 10:39:30 : key test_82 inserted into cache
[INFO] 2025-07-20 10:39:30 : bytes occupati : 893 su 1024
[DEBUG] 2025-07-20 10:39:30 : PUT: storing 'value of 83' (size: 11)
[INFO] 2025-07-20 10:39:30 : key test_83 inserted into cache
[INFO] 2025-07-20 10:39:30 : bytes occupati : 904 su 1024
[DEBUG] 2025-07-20 10:39:30 : PUT: storing 'value of 84' (size: 11)
[INFO] 2025-07-20 10:39:30 : key test_84 inserted into cache
[INFO] 2025-07-20 10:39:30 : bytes occupati : 915 su 1024
[DEBUG] 2025-07-20 10:39:30 : PUT: storing 'value of 85' (size: 11)
[INFO] 2025-07-20 10:39:30 : key test_85 inserted into cache
[INFO] 2025-07-20 10:39:30 : bytes occupati : 926 su 1024
[DEBUG] 2025-07-20 10:39:30 : PUT: storing 'value of 86' (size: 11)
[INFO] 2025-07-20 10:39:30 : key test_86 inserted into cache
[INFO] 2025-07-20 10:39:30 : bytes occupati : 937 su 1024
[DEBUG] 2025-07-20 10:39:30 : PUT: storing 'value of 87' (size: 11)
[INFO] 2025-07-20 10:39:30 : key test_87 inserted into cache
[INFO] 2025-07-20 10:39:30 : bytes occupati : 948 su 1024
[DEBUG] 2025-07-20 10:39:30 : PUT: storing 'value of 88' (size: 11)
[INFO] 2025-07-20 10:39:30 : key test_88 inserted into cache
[INFO] 2025-07-20 10:39:30 : bytes occupati : 959 su 1024
[DEBUG] 2025-07-20 10:39:30 : PUT: storing 'value of 89' (size: 11)
[INFO] 2025-07-20 10:39:30 : key test_89 inserted into cache
[INFO] 2025-07-20 10:39:30 : bytes occupati : 970 su 1024
[DEBUG] 2025-07-20 10:39:30 : PUT: storing 'value of 90' (size: 11)
[INFO] 2025-07-20 10:39:30 : key test_90 inserted into cache
[INFO] 2025-07-20 10:39:30 : bytes occupati : 981 su 1024
[DEBUG] 2025-07-20 10:39:30 : PUT: storing 'value of 91' (size: 11)
[INFO] 2025-07-20 10:39:30 : key test_91 inserted into cache
[INFO] 2025-07-20 10:39:30 : bytes occupati : 992 su 1024
[DEBUG] 2025-07-20 10:39:30 : PUT: storing 'value of 92' (size: 11)
[INFO] 2025-07-20 10:39:30 : key test_92 inserted into cache
[INFO] 2025-07-20 10:39:30 : bytes occupati : 1003 su 1024
[DEBUG] 2025-07-20 10:39:30 : PUT: storing 'value of 93' (size: 11)
[INFO] 2025-07-20 10:39:30 : key test_93 inserted into cache
[INFO] 2025-07-20 10:39:30 : bytes occupati : 1014 su 1024
[INFO] 2025-07-20 10:39:30 : memoria terminata provo a scrivere ulteriore record
[INFO] 2025-07-20 10:39:30 : memory full, move tail element into disk cache
[INFO] 2025-07-20 10:39:30 : element with key test_1 was moved to disk cache
[INFO] 2025-07-20 10:39:30 : removed tail element from list
[DEBUG] 2025-07-20 10:39:30 : PUT: storing 'test_finale' (size: 11)
[INFO] 2025-07-20 10:39:30 : key test_finale inserted into cache
[INFO] 2025-07-20 10:39:30 : get test_1 che dovrebbe essere ormai su disco
[DEBUG] 2025-07-20 10:39:30 : key test_1 not found, searching into disk cache
[INFO] 2025-07-20 10:39:30 : memory full, move tail element into disk cache
[INFO] 2025-07-20 10:39:30 : element with key test_2 was moved to disk cache
[INFO] 2025-07-20 10:39:30 : removed tail element from list
[DEBUG] 2025-07-20 10:39:30 : PUT: storing 'value of 1' (size: 10)
[INFO] 2025-07-20 10:39:30 : carlo found
[INFO] 2025-07-20 10:39:30 : carlo value is value of 1
[INFO] 2025-07-20 10:39:30 : get test_1 ancora che dovrebbe essere in memoria ora
[DEBUG] 2025-07-20 10:39:30 : GET: retrieved 'value of 1' (size: 10)
[INFO] 2025-07-20 10:39:30 : key test_1 found
[INFO] 2025-07-20 10:39:30 : carlo found
[INFO] 2025-07-20 10:39:30 : carlo value is value of 1
